


ARM Macro Assembler    Page 1 


    1 00000000         ;/*
    2 00000000         ; * Copyright (c) 2013-2016 ARM Limited. All rights rese
                       rved.
    3 00000000         ; *
    4 00000000         ; * SPDX-License-Identifier: Apache-2.0
    5 00000000         ; *
    6 00000000         ; * Licensed under the Apache License, Version 2.0 (the 
                       License); you may
    7 00000000         ; * not use this file except in compliance with the Lice
                       nse.
    8 00000000         ; * You may obtain a copy of the License at
    9 00000000         ; *
   10 00000000         ; * http://www.apache.org/licenses/LICENSE-2.0
   11 00000000         ; *
   12 00000000         ; * Unless required by applicable law or agreed to in wr
                       iting, software
   13 00000000         ; * distributed under the License is distributed on an A
                       S IS BASIS, WITHOUT
   14 00000000         ; * WARRANTIES OR CONDITIONS OF ANY KIND, either express
                        or implied.
   15 00000000         ; * See the License for the specific language governing 
                       permissions and
   16 00000000         ; * limitations under the License.
   17 00000000         ; *
   18 00000000         ; * ----------------------------------------------------
                       -------------------------
   19 00000000         ; *
   20 00000000         ; * Project:     CMSIS-RTOS RTX
   21 00000000         ; * Title:       Cortex-M0 Exception handlers
   22 00000000         ; *
   23 00000000         ; * ----------------------------------------------------
                       -------------------------
   24 00000000         ; */
   25 00000000         
   26 00000000         
   27 00000000 0000001C 
                       I_T_RUN_OFS
                               EQU              28          ; osInfo.thread.run
                                                             offset
   28 00000000 00000038 
                       TCB_SP_OFS
                               EQU              56          ; TCB.SP offset
   29 00000000         
   30 00000000         
   31 00000000                 PRESERVE8
   32 00000000                 THUMB
   33 00000000         
   34 00000000         
   35 00000000                 AREA             |.constdata|, DATA, READONLY
   36 00000000                 EXPORT           os_irq_cm
   37 00000000 00      os_irq_cm
                               DCB              0           ; Non weak library 
                                                            reference
   38 00000001         
   39 00000001         
   40 00000001                 AREA             |.text|, CODE, READONLY
   41 00000000         
   42 00000000         
   43 00000000         SVC_Handler



ARM Macro Assembler    Page 2 


                               PROC
   44 00000000                 EXPORT           SVC_Handler
   45 00000000                 IMPORT           os_UserSVC_Table
   46 00000000                 IMPORT           os_Info
   47 00000000         
   48 00000000 F3EF 8009       MRS              R0,PSP      ; Get PSP
   49 00000004 6981            LDR              R1,[R0,#24] ; Load saved PC fro
                                                            m stack
   50 00000006 1E89            SUBS             R1,R1,#2    ; Point to SVC inst
                                                            ruction
   51 00000008 7809            LDRB             R1,[R1]     ; Load SVC number
   52 0000000A 2900            CMP              R1,#0
   53 0000000C D124            BNE              SVC_User    ; Branch if not SVC
                                                             0
   54 0000000E         
   55 0000000E C80F            LDMIA            R0,{R0-R3}  ; Load function par
                                                            ameters from stack
   56 00000010 47B8            BLX              R7          ; Call service func
                                                            tion
   57 00000012 F3EF 8309       MRS              R3,PSP      ; Get PSP
   58 00000016 C303            STMIA            R3!,{R0-R1} ; Store function re
                                                            turn values
   59 00000018         
   60 00000018         SVC_Context
   61 00000018 4B1A            LDR              R3,=os_Info+I_T_RUN_OFS ; Load 
                                                            address of os_Info.
                                                            run
   62 0000001A CB06            LDMIA            R3!,{R1,R2} ; Load os_Info.thre
                                                            ad.run: curr & next
                                                            
   63 0000001C 4291            CMP              R1,R2       ; Check if thread s
                                                            witch is required
   64 0000001E D018            BEQ              SVC_Exit    ; Branch when threa
                                                            ds are the same
   65 00000020         
   66 00000020 3B08            SUBS             R3,R3,#8
   67 00000022 2900            CMP              R1,#0
   68 00000024 D009            BEQ              SVC_ContextSwitch ; Branch if r
                                                            unning thread is de
                                                            leted
   69 00000026         
   70 00000026         SVC_ContextSave
   71 00000026 F3EF 8009       MRS              R0,PSP      ; Get PSP
   72 0000002A 3820            SUBS             R0,R0,#32   ; Adjust address
   73 0000002C 6388            STR              R0,[R1,#TCB_SP_OFS] ; Store SP
   74 0000002E C0F0            STMIA            R0!,{R4-R7} ; Save R4..R7
   75 00000030 4644            MOV              R4,R8
   76 00000032 464D            MOV              R5,R9
   77 00000034 4656            MOV              R6,R10
   78 00000036 465F            MOV              R7,R11
   79 00000038 C0F0            STMIA            R0!,{R4-R7} ; Save R8..R11
   80 0000003A         
   81 0000003A         SVC_ContextSwitch
   82 0000003A 601A            STR              R2,[R3]     ; os_Info.thread.ru
                                                            n: curr = next
   83 0000003C         
   84 0000003C         SVC_ContextRestore
   85 0000003C 6B90            LDR              R0,[R2,#TCB_SP_OFS] ; Load SP
   86 0000003E 3010            ADDS             R0,R0,#16   ; Adjust address



ARM Macro Assembler    Page 3 


   87 00000040 C8F0            LDMIA            R0!,{R4-R7} ; Restore R8..R11
   88 00000042 46A0            MOV              R8,R4
   89 00000044 46A9            MOV              R9,R5
   90 00000046 46B2            MOV              R10,R6
   91 00000048 46BB            MOV              R11,R7
   92 0000004A F380 8809       MSR              PSP,R0      ; Set PSP
   93 0000004E 3820            SUBS             R0,R0,#32   ; Adjust address
   94 00000050 C8F0            LDMIA            R0!,{R4-R7} ; Restore R4..R7
   95 00000052         
   96 00000052         SVC_Exit
   97 00000052 2002            MOVS             R0,#~0xFFFFFFFD ; Set EXC_RETUR
                                                            N value
   98 00000054 43C0            MVNS             R0,R0
   99 00000056 4700            BX               R0          ; Exit from handler
                                                            
  100 00000058         
  101 00000058         SVC_User
  102 00000058 B510            PUSH             {R4,LR}     ; Save registers
  103 0000005A 4A0B            LDR              R2,=os_UserSVC_Table ; Load add
                                                            ress of SVC table
  104 0000005C 6813            LDR              R3,[R2]     ; Load SVC maximum 
                                                            number
  105 0000005E 4299            CMP              R1,R3       ; Check SVC number 
                                                            range
  106 00000060 D806            BHI              SVC_Done    ; Branch if out of 
                                                            range
  107 00000062         
  108 00000062 0089            LSLS             R1,R1,#2
  109 00000064 5854            LDR              R4,[R2,R1]  ; Load address of S
                                                            VC function
  110 00000066         
  111 00000066 C80F            LDMIA            R0,{R0-R3}  ; Load function par
                                                            ameters from stack
  112 00000068 47A0            BLX              R4          ; Call service func
                                                            tion
  113 0000006A F3EF 8409       MRS              R4,PSP      ; Get PSP
  114 0000006E C40F            STMIA            R4!,{R0-R3} ; Store function re
                                                            turn values
  115 00000070         
  116 00000070         SVC_Done
  117 00000070 BD10            POP              {R4,PC}     ; Return from handl
                                                            er
  118 00000072         
  119 00000072 00 00           ALIGN
  120 00000074                 ENDP
  121 00000074         
  122 00000074         
  123 00000074         PendSV_Handler
                               PROC
  124 00000074                 EXPORT           PendSV_Handler
  125 00000074                 IMPORT           os_PendSV_Handler
  126 00000074         
  127 00000074 F7FF FFFE       BL               os_PendSV_Handler
  128 00000078 E7CE            B                SVC_Context
  129 0000007A         
  130 0000007A 00 00           ALIGN
  131 0000007C                 ENDP
  132 0000007C         
  133 0000007C         



ARM Macro Assembler    Page 4 


  134 0000007C         SysTick_Handler
                               PROC
  135 0000007C                 EXPORT           SysTick_Handler
  136 0000007C                 IMPORT           os_Tick_Handler
  137 0000007C         
  138 0000007C F7FF FFFE       BL               os_Tick_Handler
  139 00000080 E7CA            B                SVC_Context
  140 00000082         
  141 00000082 00 00           ALIGN
  142 00000084                 ENDP
  143 00000084         
  144 00000084         
  145 00000084                 END
              0000001C 
              00000000 
Command Line: --debug --xref --diag_suppress=9931 --cpu=Cortex-M0 --apcs=interw
ork --depend=.\output\irq_cm0.d -o.\output\irq_cm0.o -IC:\Users\yilmaz\Document
s\GitHub\P2_STM32F030\firmware\RTE\_Target_1 -IC:\Keil_v5\ARM\PACK\ARM\CMSIS\5.
0.0\CMSIS\Include -IC:\Keil_v5\ARM\PACK\ARM\CMSIS\5.0.0\CMSIS\RTOS2\Include -IC
:\Keil_v5\ARM\PACK\ARM\CMSIS\5.0.0\CMSIS\RTOS2\RTX\Include -IC:\Keil_v5\ARM\PAC
K\Keil\STM32F0xx_DFP\1.5.0\Device\Include --predefine="__UVISION_VERSION SETA 5
22" --predefine="_RTE_ SETA 1" --predefine="STM32F030x8 SETA 1" --list=.\irq_cm
0.lst C:\Keil_v5\ARM\PACK\ARM\CMSIS\5.0.0\CMSIS\RTOS2\RTX\Source\ARM\irq_cm0.s



ARM Macro Assembler    Page 1 Alphabetic symbol ordering
Relocatable symbols

.constdata 00000000

Symbol: .constdata
   Definitions
      At line 35 in file C:\Keil_v5\ARM\PACK\ARM\CMSIS\5.0.0\CMSIS\RTOS2\RTX\So
urce\ARM\irq_cm0.s
   Uses
      None
Comment: .constdata unused
os_irq_cm 00000000

Symbol: os_irq_cm
   Definitions
      At line 37 in file C:\Keil_v5\ARM\PACK\ARM\CMSIS\5.0.0\CMSIS\RTOS2\RTX\So
urce\ARM\irq_cm0.s
   Uses
      At line 36 in file C:\Keil_v5\ARM\PACK\ARM\CMSIS\5.0.0\CMSIS\RTOS2\RTX\So
urce\ARM\irq_cm0.s
Comment: os_irq_cm used once
2 symbols



ARM Macro Assembler    Page 1 Alphabetic symbol ordering
Relocatable symbols

.text 00000000

Symbol: .text
   Definitions
      At line 40 in file C:\Keil_v5\ARM\PACK\ARM\CMSIS\5.0.0\CMSIS\RTOS2\RTX\So
urce\ARM\irq_cm0.s
   Uses
      None
Comment: .text unused
PendSV_Handler 00000074

Symbol: PendSV_Handler
   Definitions
      At line 123 in file C:\Keil_v5\ARM\PACK\ARM\CMSIS\5.0.0\CMSIS\RTOS2\RTX\S
ource\ARM\irq_cm0.s
   Uses
      At line 124 in file C:\Keil_v5\ARM\PACK\ARM\CMSIS\5.0.0\CMSIS\RTOS2\RTX\S
ource\ARM\irq_cm0.s
Comment: PendSV_Handler used once
SVC_Context 00000018

Symbol: SVC_Context
   Definitions
      At line 60 in file C:\Keil_v5\ARM\PACK\ARM\CMSIS\5.0.0\CMSIS\RTOS2\RTX\So
urce\ARM\irq_cm0.s
   Uses
      At line 128 in file C:\Keil_v5\ARM\PACK\ARM\CMSIS\5.0.0\CMSIS\RTOS2\RTX\S
ource\ARM\irq_cm0.s
      At line 139 in file C:\Keil_v5\ARM\PACK\ARM\CMSIS\5.0.0\CMSIS\RTOS2\RTX\S
ource\ARM\irq_cm0.s

SVC_ContextRestore 0000003C

Symbol: SVC_ContextRestore
   Definitions
      At line 84 in file C:\Keil_v5\ARM\PACK\ARM\CMSIS\5.0.0\CMSIS\RTOS2\RTX\So
urce\ARM\irq_cm0.s
   Uses
      None
Comment: SVC_ContextRestore unused
SVC_ContextSave 00000026

Symbol: SVC_ContextSave
   Definitions
      At line 70 in file C:\Keil_v5\ARM\PACK\ARM\CMSIS\5.0.0\CMSIS\RTOS2\RTX\So
urce\ARM\irq_cm0.s
   Uses
      None
Comment: SVC_ContextSave unused
SVC_ContextSwitch 0000003A

Symbol: SVC_ContextSwitch
   Definitions
      At line 81 in file C:\Keil_v5\ARM\PACK\ARM\CMSIS\5.0.0\CMSIS\RTOS2\RTX\So
urce\ARM\irq_cm0.s
   Uses
      At line 68 in file C:\Keil_v5\ARM\PACK\ARM\CMSIS\5.0.0\CMSIS\RTOS2\RTX\So
urce\ARM\irq_cm0.s
Comment: SVC_ContextSwitch used once



ARM Macro Assembler    Page 2 Alphabetic symbol ordering
Relocatable symbols

SVC_Done 00000070

Symbol: SVC_Done
   Definitions
      At line 116 in file C:\Keil_v5\ARM\PACK\ARM\CMSIS\5.0.0\CMSIS\RTOS2\RTX\S
ource\ARM\irq_cm0.s
   Uses
      At line 106 in file C:\Keil_v5\ARM\PACK\ARM\CMSIS\5.0.0\CMSIS\RTOS2\RTX\S
ource\ARM\irq_cm0.s
Comment: SVC_Done used once
SVC_Exit 00000052

Symbol: SVC_Exit
   Definitions
      At line 96 in file C:\Keil_v5\ARM\PACK\ARM\CMSIS\5.0.0\CMSIS\RTOS2\RTX\So
urce\ARM\irq_cm0.s
   Uses
      At line 64 in file C:\Keil_v5\ARM\PACK\ARM\CMSIS\5.0.0\CMSIS\RTOS2\RTX\So
urce\ARM\irq_cm0.s
Comment: SVC_Exit used once
SVC_Handler 00000000

Symbol: SVC_Handler
   Definitions
      At line 43 in file C:\Keil_v5\ARM\PACK\ARM\CMSIS\5.0.0\CMSIS\RTOS2\RTX\So
urce\ARM\irq_cm0.s
   Uses
      At line 44 in file C:\Keil_v5\ARM\PACK\ARM\CMSIS\5.0.0\CMSIS\RTOS2\RTX\So
urce\ARM\irq_cm0.s
Comment: SVC_Handler used once
SVC_User 00000058

Symbol: SVC_User
   Definitions
      At line 101 in file C:\Keil_v5\ARM\PACK\ARM\CMSIS\5.0.0\CMSIS\RTOS2\RTX\S
ource\ARM\irq_cm0.s
   Uses
      At line 53 in file C:\Keil_v5\ARM\PACK\ARM\CMSIS\5.0.0\CMSIS\RTOS2\RTX\So
urce\ARM\irq_cm0.s
Comment: SVC_User used once
SysTick_Handler 0000007C

Symbol: SysTick_Handler
   Definitions
      At line 134 in file C:\Keil_v5\ARM\PACK\ARM\CMSIS\5.0.0\CMSIS\RTOS2\RTX\S
ource\ARM\irq_cm0.s
   Uses
      At line 135 in file C:\Keil_v5\ARM\PACK\ARM\CMSIS\5.0.0\CMSIS\RTOS2\RTX\S
ource\ARM\irq_cm0.s
Comment: SysTick_Handler used once
11 symbols



ARM Macro Assembler    Page 1 Alphabetic symbol ordering
Absolute symbols

I_T_RUN_OFS 0000001C

Symbol: I_T_RUN_OFS
   Definitions
      At line 27 in file C:\Keil_v5\ARM\PACK\ARM\CMSIS\5.0.0\CMSIS\RTOS2\RTX\So
urce\ARM\irq_cm0.s
   Uses
      At line 61 in file C:\Keil_v5\ARM\PACK\ARM\CMSIS\5.0.0\CMSIS\RTOS2\RTX\So
urce\ARM\irq_cm0.s
Comment: I_T_RUN_OFS used once
TCB_SP_OFS 00000038

Symbol: TCB_SP_OFS
   Definitions
      At line 28 in file C:\Keil_v5\ARM\PACK\ARM\CMSIS\5.0.0\CMSIS\RTOS2\RTX\So
urce\ARM\irq_cm0.s
   Uses
      At line 73 in file C:\Keil_v5\ARM\PACK\ARM\CMSIS\5.0.0\CMSIS\RTOS2\RTX\So
urce\ARM\irq_cm0.s
      At line 85 in file C:\Keil_v5\ARM\PACK\ARM\CMSIS\5.0.0\CMSIS\RTOS2\RTX\So
urce\ARM\irq_cm0.s

2 symbols



ARM Macro Assembler    Page 1 Alphabetic symbol ordering
External symbols

os_Info 00000000

Symbol: os_Info
   Definitions
      At line 46 in file C:\Keil_v5\ARM\PACK\ARM\CMSIS\5.0.0\CMSIS\RTOS2\RTX\So
urce\ARM\irq_cm0.s
   Uses
      At line 61 in file C:\Keil_v5\ARM\PACK\ARM\CMSIS\5.0.0\CMSIS\RTOS2\RTX\So
urce\ARM\irq_cm0.s
Comment: os_Info used once
os_PendSV_Handler 00000000

Symbol: os_PendSV_Handler
   Definitions
      At line 125 in file C:\Keil_v5\ARM\PACK\ARM\CMSIS\5.0.0\CMSIS\RTOS2\RTX\S
ource\ARM\irq_cm0.s
   Uses
      At line 127 in file C:\Keil_v5\ARM\PACK\ARM\CMSIS\5.0.0\CMSIS\RTOS2\RTX\S
ource\ARM\irq_cm0.s
Comment: os_PendSV_Handler used once
os_Tick_Handler 00000000

Symbol: os_Tick_Handler
   Definitions
      At line 136 in file C:\Keil_v5\ARM\PACK\ARM\CMSIS\5.0.0\CMSIS\RTOS2\RTX\S
ource\ARM\irq_cm0.s
   Uses
      At line 138 in file C:\Keil_v5\ARM\PACK\ARM\CMSIS\5.0.0\CMSIS\RTOS2\RTX\S
ource\ARM\irq_cm0.s
Comment: os_Tick_Handler used once
os_UserSVC_Table 00000000

Symbol: os_UserSVC_Table
   Definitions
      At line 45 in file C:\Keil_v5\ARM\PACK\ARM\CMSIS\5.0.0\CMSIS\RTOS2\RTX\So
urce\ARM\irq_cm0.s
   Uses
      At line 103 in file C:\Keil_v5\ARM\PACK\ARM\CMSIS\5.0.0\CMSIS\RTOS2\RTX\S
ource\ARM\irq_cm0.s
Comment: os_UserSVC_Table used once
4 symbols
354 symbols in table
